This is pdfTeX, Version 3.141592653-2.6-1.40.22 (TeX Live 2021) (preloaded format=pdflatex 2021.11.6)  28 JAN 2024 17:45
entering extended mode
 restricted \write18 enabled.
 %&-line parsing enabled.
**documentazione
(./documentazione.tex
LaTeX2e <2020-10-01> patch level 4
L3 programming layer <2021-02-18>
(/usr/local/texlive/2021/texmf-dist/tex/latex/base/article.cls
Document Class: article 2020/04/10 v1.4m Standard LaTeX document class
(/usr/local/texlive/2021/texmf-dist/tex/latex/base/size12.clo
File: size12.clo 2020/04/10 v1.4m Standard LaTeX file (size option)
)
\c@part=\count179
\c@section=\count180
\c@subsection=\count181
\c@subsubsection=\count182
\c@paragraph=\count183
\c@subparagraph=\count184
\c@figure=\count185
\c@table=\count186
\abovecaptionskip=\skip47
\belowcaptionskip=\skip48
\bibindent=\dimen138
)
(/usr/local/texlive/2021/texmf-dist/tex/latex/geometry/geometry.sty
Package: geometry 2020/01/02 v5.9 Page Geometry

(/usr/local/texlive/2021/texmf-dist/tex/latex/graphics/keyval.sty
Package: keyval 2014/10/28 v1.15 key=value parser (DPC)
\KV@toks@=\toks15
)
(/usr/local/texlive/2021/texmf-dist/tex/generic/iftex/ifvtex.sty
Package: ifvtex 2019/10/25 v1.7 ifvtex legacy package. Use iftex instead.

(/usr/local/texlive/2021/texmf-dist/tex/generic/iftex/iftex.sty
Package: iftex 2020/03/06 v1.0d TeX engine tests
))
\Gm@cnth=\count187
\Gm@cntv=\count188
\c@Gm@tempcnt=\count189
\Gm@bindingoffset=\dimen139
\Gm@wd@mp=\dimen140
\Gm@odd@mp=\dimen141
\Gm@even@mp=\dimen142
\Gm@layoutwidth=\dimen143
\Gm@layoutheight=\dimen144
\Gm@layouthoffset=\dimen145
\Gm@layoutvoffset=\dimen146
\Gm@dimlist=\toks16
)
(/usr/local/texlive/2021/texmf-dist/tex/latex/graphics/graphicx.sty
Package: graphicx 2020/09/09 v1.2b Enhanced LaTeX Graphics (DPC,SPQR)

(/usr/local/texlive/2021/texmf-dist/tex/latex/graphics/graphics.sty
Package: graphics 2020/08/30 v1.4c Standard LaTeX Graphics (DPC,SPQR)

(/usr/local/texlive/2021/texmf-dist/tex/latex/graphics/trig.sty
Package: trig 2016/01/03 v1.10 sin cos tan (DPC)
)
(/usr/local/texlive/2021/texmf-dist/tex/latex/graphics-cfg/graphics.cfg
File: graphics.cfg 2016/06/04 v1.11 sample graphics configuration
)
Package graphics Info: Driver file: pdftex.def on input line 105.

(/usr/local/texlive/2021/texmf-dist/tex/latex/graphics-def/pdftex.def
File: pdftex.def 2020/10/05 v1.2a Graphics/color driver for pdftex
))
\Gin@req@height=\dimen147
\Gin@req@width=\dimen148
)
(/usr/local/texlive/2021/texmf-dist/tex/latex/amsfonts/amssymb.sty
Package: amssymb 2013/01/14 v3.01 AMS font symbols

(/usr/local/texlive/2021/texmf-dist/tex/latex/amsfonts/amsfonts.sty
Package: amsfonts 2013/01/14 v3.01 Basic AMSFonts support
\@emptytoks=\toks17
\symAMSa=\mathgroup4
\symAMSb=\mathgroup5
LaTeX Font Info:    Redeclaring math symbol \hbar on input line 98.
LaTeX Font Info:    Overwriting math alphabet `\mathfrak' in version `bold'
(Font)                  U/euf/m/n --> U/euf/b/n on input line 106.
))
(/usr/local/texlive/2021/texmf-dist/tex/latex/booktabs/booktabs.sty
Package: booktabs 2020/01/12 v1.61803398 Publication quality tables
\heavyrulewidth=\dimen149
\lightrulewidth=\dimen150
\cmidrulewidth=\dimen151
\belowrulesep=\dimen152
\belowbottomsep=\dimen153
\aboverulesep=\dimen154
\abovetopsep=\dimen155
\cmidrulesep=\dimen156
\cmidrulekern=\dimen157
\defaultaddspace=\dimen158
\@cmidla=\count190
\@cmidlb=\count191
\@aboverulesep=\dimen159
\@belowrulesep=\dimen160
\@thisruleclass=\count192
\@lastruleclass=\count193
\@thisrulewidth=\dimen161
)
(/usr/local/texlive/2021/texmf-dist/tex/latex/base/fontenc.sty
Package: fontenc 2020/08/10 v2.0s Standard LaTeX package
)
(/usr/local/texlive/2021/texmf-dist/tex/latex/base/inputenc.sty
Package: inputenc 2020/08/01 v1.3d Input encoding file
\inpenc@prehook=\toks18
\inpenc@posthook=\toks19
)
(/usr/local/texlive/2021/texmf-dist/tex/latex/listingsutf8/listingsutf8.sty
Package: listingsutf8 2019-12-10 v1.5 Allow UTF-8 in listings input (HO)

(/usr/local/texlive/2021/texmf-dist/tex/latex/listings/listings.sty
\lst@mode=\count194
\lst@gtempboxa=\box47
\lst@token=\toks20
\lst@length=\count195
\lst@currlwidth=\dimen162
\lst@column=\count196
\lst@pos=\count197
\lst@lostspace=\dimen163
\lst@width=\dimen164
\lst@newlines=\count198
\lst@lineno=\count199
\lst@maxwidth=\dimen165

(/usr/local/texlive/2021/texmf-dist/tex/latex/listings/lstmisc.sty
File: lstmisc.sty 2020/03/24 1.8d (Carsten Heinz)
\c@lstnumber=\count266
\lst@skipnumbers=\count267
\lst@framebox=\box48
)
(/usr/local/texlive/2021/texmf-dist/tex/latex/listings/listings.cfg
File: listings.cfg 2020/03/24 1.8d listings configuration
))
Package: listings 2020/03/24 1.8d (Carsten Heinz)

(/usr/local/texlive/2021/texmf-dist/tex/generic/pdftexcmds/pdftexcmds.sty
Package: pdftexcmds 2020-06-27 v0.33 Utility functions of pdfTeX for LuaTeX (HO
)

(/usr/local/texlive/2021/texmf-dist/tex/generic/infwarerr/infwarerr.sty
Package: infwarerr 2019/12/03 v1.5 Providing info/warning/error messages (HO)
)
(/usr/local/texlive/2021/texmf-dist/tex/generic/ltxcmds/ltxcmds.sty
Package: ltxcmds 2020-05-10 v1.25 LaTeX kernel commands for general use (HO)
)
Package pdftexcmds Info: \pdf@primitive is available.
Package pdftexcmds Info: \pdf@ifprimitive is available.
Package pdftexcmds Info: \pdfdraftmode found.
)
(/usr/local/texlive/2021/texmf-dist/tex/generic/stringenc/stringenc.sty
Package: stringenc 2019/11/29 v1.12 Convert strings between diff. encodings (HO
)

(/usr/local/texlive/2021/texmf-dist/tex/generic/pdfescape/pdfescape.sty
Package: pdfescape 2019/12/09 v1.15 Implements pdfTeX's escape features (HO)
)))
(/usr/local/texlive/2021/texmf-dist/tex/generic/babel/babel.sty
Package: babel 2021/03/24 3.56 The Babel package

(/usr/local/texlive/2021/texmf-dist/tex/generic/babel/babel.def
File: babel.def 2021/03/24 3.56 Babel common definitions
\babel@savecnt=\count268
\U@D=\dimen166
\l@babelnohyphens=\language87

(/usr/local/texlive/2021/texmf-dist/tex/generic/babel/txtbabel.def)
\bbl@readstream=\read2
)
\bbl@dirlevel=\count269

(/usr/local/texlive/2021/texmf-dist/tex/generic/babel-italian/italian.ldf
Language: italian 2020/05/21 v.1.4.04 Italian support for the babel system
\it@lettering=\count270
\it@doublequoteactive=\count271
\it@ISOcompliance=\count272
))
(/usr/local/texlive/2021/texmf-dist/tex/latex/etoolbox/etoolbox.sty
Package: etoolbox 2020/10/05 v2.5k e-TeX tools for LaTeX (JAW)
\etb@tempcnta=\count273
)
(/usr/local/texlive/2021/texmf-dist/tex/latex/tools/varioref.sty
Package: varioref 2020/08/11 v1.6e package for extended references (FMi)
\c@vrcnt=\count274
)
(/usr/local/texlive/2021/texmf-dist/tex/latex/enumitem/enumitem.sty
Package: enumitem 2019/06/20 v3.9 Customized lists
\labelindent=\skip49
\enit@outerparindent=\dimen167
\enit@toks=\toks21
\enit@inbox=\box49
\enit@count@id=\count275
\enitdp@description=\count276
)
(/usr/local/texlive/2021/texmf-dist/tex/latex/tools/longtable.sty
Package: longtable 2020/01/07 v4.13 Multi-page Table package (DPC)
\LTleft=\skip50
\LTright=\skip51
\LTpre=\skip52
\LTpost=\skip53
\LTchunksize=\count277
\LTcapwidth=\dimen168
\LT@head=\box50
\LT@firsthead=\box51
\LT@foot=\box52
\LT@lastfoot=\box53
\LT@cols=\count278
\LT@rows=\count279
\c@LT@tables=\count280
\c@LT@chunks=\count281
\LT@p@ftn=\toks22
)
(/usr/local/texlive/2021/texmf-dist/tex/latex/subfig/subfig.sty
Package: subfig 2005/06/28 ver: 1.3 subfig package

(/usr/local/texlive/2021/texmf-dist/tex/latex/caption/caption.sty
Package: caption 2020/10/26 v3.5g Customizing captions (AR)

(/usr/local/texlive/2021/texmf-dist/tex/latex/caption/caption3.sty
Package: caption3 2020/10/21 v2.2e caption3 kernel (AR)
\captionmargin=\dimen169
\captionmargin@=\dimen170
\captionwidth=\dimen171
\caption@tempdima=\dimen172
\caption@indent=\dimen173
\caption@parindent=\dimen174
\caption@hangindent=\dimen175
Package caption Info: Standard document class detected.
)
\c@caption@flags=\count282
\c@continuedfloat=\count283
Package caption Info: listings package is loaded.
Package caption Info: longtable package is loaded.

(/usr/local/texlive/2021/texmf-dist/tex/latex/caption/ltcaption.sty
Package: ltcaption 2020/05/30 v1.4b longtable captions (AR)
))
\c@KVtest=\count284
\sf@farskip=\skip54
\sf@captopadj=\dimen176
\sf@capskip=\skip55
\sf@nearskip=\skip56
\c@subfigure=\count285
\c@subfigure@save=\count286
\c@lofdepth=\count287
\c@subtable=\count288
\c@subtable@save=\count289
\c@lotdepth=\count290
\sf@top=\skip57
\sf@bottom=\skip58
)
(/usr/local/texlive/2021/texmf-dist/tex/latex/fancyhdr/fancyhdr.sty
Package: fancyhdr 2021/01/28 v4.0.1 Extensive control of page headers and foote
rs
\f@nch@headwidth=\skip59
\f@nch@O@elh=\skip60
\f@nch@O@erh=\skip61
\f@nch@O@olh=\skip62
\f@nch@O@orh=\skip63
\f@nch@O@elf=\skip64
\f@nch@O@erf=\skip65
\f@nch@O@olf=\skip66
\f@nch@O@orf=\skip67
)
(/usr/local/texlive/2021/texmf-dist/tex/latex/l3backend/l3backend-pdftex.def
File: l3backend-pdftex.def 2021-03-18 L3 backend support: PDF output (pdfTeX)
\l__color_backend_stack_int=\count291
\l__pdf_internal_box=\box54
)
(./documentazione.aux)
\openout1 = `documentazione.aux'.

LaTeX Font Info:    Checking defaults for OML/cmm/m/it on input line 23.
LaTeX Font Info:    ... okay on input line 23.
LaTeX Font Info:    Checking defaults for OMS/cmsy/m/n on input line 23.
LaTeX Font Info:    ... okay on input line 23.
LaTeX Font Info:    Checking defaults for OT1/cmr/m/n on input line 23.
LaTeX Font Info:    ... okay on input line 23.
LaTeX Font Info:    Checking defaults for T1/cmr/m/n on input line 23.
LaTeX Font Info:    ... okay on input line 23.
LaTeX Font Info:    Checking defaults for TS1/cmr/m/n on input line 23.
LaTeX Font Info:    ... okay on input line 23.
LaTeX Font Info:    Checking defaults for OMX/cmex/m/n on input line 23.
LaTeX Font Info:    ... okay on input line 23.
LaTeX Font Info:    Checking defaults for U/cmr/m/n on input line 23.
LaTeX Font Info:    ... okay on input line 23.

*geometry* driver: auto-detecting
*geometry* detected driver: pdftex
*geometry* verbose mode - [ preamble ] result:
* driver: pdftex
* paper: a4paper
* layout: <same size as paper>
* layoutoffset:(h,v)=(0.0pt,0.0pt)
* modes: heightrounded 
* h-part:(L,W,R)=(65.44142pt, 466.62503pt, 65.44142pt)
* v-part:(T,H,B)=(71.13188pt, 702.78308pt, 71.13188pt)
* \paperwidth=597.50787pt
* \paperheight=845.04684pt
* \textwidth=466.62503pt
* \textheight=708.0pt
* \oddsidemargin=-6.82857pt
* \evensidemargin=-6.82857pt
* \topmargin=-38.1381pt
* \headheight=12.0pt
* \headsep=25.0pt
* \topskip=12.0pt
* \footskip=30.0pt
* \marginparwidth=44.0pt
* \marginparsep=10.0pt
* \columnsep=10.0pt
* \skip\footins=10.8pt plus 4.0pt minus 2.0pt
* \hoffset=0.0pt
* \voffset=0.0pt
* \mag=1000
* \@twocolumnfalse
* \@twosidefalse
* \@mparswitchfalse
* \@reversemarginfalse
* (1in=72.27pt=25.4mm, 1cm=28.453pt)

(/usr/local/texlive/2021/texmf-dist/tex/context/base/mkii/supp-pdf.mkii
[Loading MPS to PDF converter (version 2006.09.02).]
\scratchcounter=\count292
\scratchdimen=\dimen177
\scratchbox=\box55
\nofMPsegments=\count293
\nofMParguments=\count294
\everyMPshowfont=\toks23
\MPscratchCnt=\count295
\MPscratchDim=\dimen178
\MPnumerator=\count296
\makeMPintoPDFobject=\count297
\everyMPtoPDFconversion=\toks24
) (/usr/local/texlive/2021/texmf-dist/tex/latex/epstopdf-pkg/epstopdf-base.sty
Package: epstopdf-base 2020-01-24 v2.11 Base part for package epstopdf
Package epstopdf-base Info: Redefining graphics rule for `.eps' on input line 4
85.

(/usr/local/texlive/2021/texmf-dist/tex/latex/latexconfig/epstopdf-sys.cfg
File: epstopdf-sys.cfg 2010/07/13 v1.3 Configuration of (r)epstopdf for TeX Liv
e
))
\c@lstlisting=\count298
LaTeX Info: Redefining \it@ocap on input line 23.
LaTeX Info: Redefining \it@ccap on input line 23.
Package caption Info: Begin \AtBeginDocument code.
Package caption Info: subfig package v1.3 is loaded.
Package caption Info: End \AtBeginDocument code.
LaTeX Font Info:    Trying to load font information for U+msa on input line 24.


(/usr/local/texlive/2021/texmf-dist/tex/latex/amsfonts/umsa.fd
File: umsa.fd 2013/01/14 v3.01 AMS symbols A
)
LaTeX Font Info:    Trying to load font information for U+msb on input line 24.


(/usr/local/texlive/2021/texmf-dist/tex/latex/amsfonts/umsb.fd
File: umsb.fd 2013/01/14 v3.01 AMS symbols B
) [1

{/usr/local/texlive/2021/texmf-var/fonts/map/pdftex/updmap/pdftex.map}]
LaTeX Font Info:    Trying to load font information for T1+cmtt on input line 7
6.

(/usr/local/texlive/2021/texmf-dist/tex/latex/base/t1cmtt.fd
File: t1cmtt.fd 2019/12/16 v2.5j Standard LaTeX font definitions
) [2]
<images/UseCaseDiagram1.jpg, id=21, 1608.0075pt x 1351.0475pt>
File: images/UseCaseDiagram1.jpg Graphic file (type jpg)
<use images/UseCaseDiagram1.jpg>
Package pdftex.def Info: images/UseCaseDiagram1.jpg  used on input line 89.
(pdftex.def)             Requested size: 326.6361pt x 274.43085pt.
<images/UseCaseDiagram2.jpg, id=22, 1334.9875pt x 1351.0475pt>
File: images/UseCaseDiagram2.jpg Graphic file (type jpg)
<use images/UseCaseDiagram2.jpg>
Package pdftex.def Info: images/UseCaseDiagram2.jpg  used on input line 95.
(pdftex.def)             Requested size: 326.6361pt x 330.56631pt.
 [3 <./images/UseCaseDiagram1.jpg>]
Underfull \hbox (badness 1895) in paragraph at lines 114--115
[]\T1/cmr/m/n/12 Lo stu-den-te sce-glie la ti-po-lo-gia di ti-ro-ci-nio
 []


Overfull \hbox (0.67442pt too wide) in alignment at lines 104--143
 [] [] 
 []


Underfull \vbox (badness 10000) detected at line 143
 []

[4 <./images/UseCaseDiagram2.jpg>] [5]
Overfull \hbox (0.67442pt too wide) in alignment at lines 145--172
 [] [] 
 []


Underfull \vbox (badness 10000) detected at line 172
 []


Underfull \hbox (badness 2285) in paragraph at lines 183--184
[]\T1/cmr/m/n/12 L'utente ef-fet-tua una mo-di-fi-ca sui da-ti del
 []


Underfull \hbox (badness 1430) in paragraph at lines 186--187
[]\T1/cmr/m/n/12 Il si-ste-ma ri-por-ta le mo-di-fi-che nel da-ta-ba-se
 []


Underfull \hbox (badness 1331) in paragraph at lines 188--188
[]|\T1/cmr/m/n/12 I da-ti re-la-ti-vi a un ti-ro-ci-nio so-no mo-di-fi-ca-ti ne
l
 []


Overfull \hbox (0.67442pt too wide) in alignment at lines 174--189
 [] [] 
 []


Underfull \vbox (badness 10000) detected at line 189
 []

[6]
Overfull \hbox (0.67442pt too wide) in alignment at lines 191--207
 [] [] 
 []


Underfull \vbox (badness 10000) detected at line 207
 []

<images/ClassDiagramProgetto.jpg, id=36, 2039.62pt x 1084.05pt>
File: images/ClassDiagramProgetto.jpg Graphic file (type jpg)
<use images/ClassDiagramProgetto.jpg>
Package pdftex.def Info: images/ClassDiagramProgetto.jpg  used on input line 21
7.
(pdftex.def)             Requested size: 466.62503pt x 248.00296pt.
[7]
<images/Approva tirocinio.jpg, id=41, 1487.5575pt x 662.475pt>
File: images/Approva tirocinio.jpg Graphic file (type jpg)
<use images/Approva tirocinio.jpg>
Package pdftex.def Info: images/Approva tirocinio.jpg  used on input line 228.
(pdftex.def)             Requested size: 466.62503pt x 207.81139pt.
<images/Modifica dati tirocinio.jpg, id=42, 1487.5575pt x 469.755pt>
File: images/Modifica dati tirocinio.jpg Graphic file (type jpg)
<use images/Modifica dati tirocinio.jpg>
Package pdftex.def Info: images/Modifica dati tirocinio.jpg  used on input line
 234.
(pdftex.def)             Requested size: 466.62503pt x 147.35716pt.
<images/Termina tirocinio.jpg, id=43, 1487.5575pt x 469.755pt>
File: images/Termina tirocinio.jpg Graphic file (type jpg)
<use images/Termina tirocinio.jpg>
Package pdftex.def Info: images/Termina tirocinio.jpg  used on input line 240.
(pdftex.def)             Requested size: 466.62503pt x 147.35716pt.
<images/Compila richiesta tirocinio.jpg, id=44, 1680.2775pt x 1899.095pt>
File: images/Compila richiesta tirocinio.jpg Graphic file (type jpg)
<use images/Compila richiesta tirocinio.jpg>
Package pdftex.def Info: images/Compila richiesta tirocinio.jpg  used on input 
line 246.
(pdftex.def)             Requested size: 466.62503pt x 527.3963pt.
 [8 <./images/ClassDiagramProgetto.jpg> <./images/Approva tirocinio.jpg>]
<images/ActivityDiagram1.jpg, id=48, 1997.4625pt x 2409.0pt>
File: images/ActivityDiagram1.jpg Graphic file (type jpg)
<use images/ActivityDiagram1.jpg>
Package pdftex.def Info: images/ActivityDiagram1.jpg  used on input line 259.
(pdftex.def)             Requested size: 466.62503pt x 562.73332pt.


LaTeX Warning: `!h' float specifier changed to `!ht'.

[9 <./images/Modifica dati tirocinio.jpg> <./images/Termina tirocinio.jpg>]
[10 <./images/Compila richiesta tirocinio.jpg>]
<images/StatechartDiagram1.jpg, id=55, 1545.775pt x 644.4075pt>
File: images/StatechartDiagram1.jpg Graphic file (type jpg)
<use images/StatechartDiagram1.jpg>
Package pdftex.def Info: images/StatechartDiagram1.jpg  used on input line 274.

(pdftex.def)             Requested size: 466.62503pt x 194.52335pt.


LaTeX Warning: `!h' float specifier changed to `!ht'.

[11 <./images/ActivityDiagram1.jpg>]
<images/ClassDiagramProgramma.jpg, id=59, 4500.815pt x 2394.9475pt>
File: images/ClassDiagramProgramma.jpg Graphic file (type jpg)
<use images/ClassDiagramProgramma.jpg>
Package pdftex.def Info: images/ClassDiagramProgramma.jpg  used on input line 2
86.
(pdftex.def)             Requested size: 466.62503pt x 248.27931pt.
 [12 <./images/StatechartDiagram1.jpg> <./images/ClassDiagramProgramma.jpg>] [1
3]
<images/ComponentDiagram1.jpg, id=67, 1658.195pt x 1088.065pt>
File: images/ComponentDiagram1.jpg Graphic file (type jpg)
<use images/ComponentDiagram1.jpg>
Package pdftex.def Info: images/ComponentDiagram1.jpg  used on input line 307.
(pdftex.def)             Requested size: 466.62503pt x 306.18356pt.
 [14 <./images/ComponentDiagram1.jpg>]
<images/DeploymentDiagram1.jpg, id=71, 1511.6475pt x 678.535pt>
File: images/DeploymentDiagram1.jpg Graphic file (type jpg)
<use images/DeploymentDiagram1.jpg>
Package pdftex.def Info: images/DeploymentDiagram1.jpg  used on input line 320.

(pdftex.def)             Requested size: 466.62503pt x 209.45326pt.

[15 <./images/DeploymentDiagram1.jpg>]
Overfull \hbox (8.73389pt too wide) in paragraph at lines 376--376
[]        \T1/cmtt/m/n/12 and self@pre.oclInState(attesa2) implies self.oclInst
ate(approvato) }[] 
 []

[16] [17] (./documentazione.aux) ) 
Here is how much of TeX's memory you used:
 7697 strings out of 478994
 116675 string characters out of 5858184
 445891 words of memory out of 5000000
 25068 multiletter control sequences out of 15000+600000
 421117 words of font info for 73 fonts, out of 8000000 for 9000
 1141 hyphenation exceptions out of 8191
 71i,8n,79p,1018b,314s stack positions out of 5000i,500n,10000p,200000b,80000s
{/usr/local/texlive/2021/texmf-dist/fonts/enc
/dvips/cm-super/cm-super-t1.enc}{/usr/local/texlive/2021/texmf-dist/fonts/enc/d
vips/cm-super/cm-super-ts1.enc}</usr/local/texlive/2021/texmf-dist/fonts/type1/
public/cm-super/sfbx1200.pfb></usr/local/texlive/2021/texmf-dist/fonts/type1/pu
blic/cm-super/sfbx1440.pfb></usr/local/texlive/2021/texmf-dist/fonts/type1/publ
ic/cm-super/sfbx1728.pfb></usr/local/texlive/2021/texmf-dist/fonts/type1/public
/cm-super/sfrm0700.pfb></usr/local/texlive/2021/texmf-dist/fonts/type1/public/c
m-super/sfrm0800.pfb></usr/local/texlive/2021/texmf-dist/fonts/type1/public/cm-
super/sfrm1000.pfb></usr/local/texlive/2021/texmf-dist/fonts/type1/public/cm-su
per/sfrm1095.pfb></usr/local/texlive/2021/texmf-dist/fonts/type1/public/cm-supe
r/sfrm1200.pfb></usr/local/texlive/2021/texmf-dist/fonts/type1/public/cm-super/
sfrm1440.pfb></usr/local/texlive/2021/texmf-dist/fonts/type1/public/cm-super/sf
rm2074.pfb></usr/local/texlive/2021/texmf-dist/fonts/type1/public/cm-super/sfti
1200.pfb></usr/local/texlive/2021/texmf-dist/fonts/type1/public/cm-super/sftt12
00.pfb>
Output written on documentazione.pdf (17 pages, 2320901 bytes).
PDF statistics:
 123 PDF objects out of 1000 (max. 8388607)
 79 compressed objects within 1 object stream
 0 named destinations out of 1000 (max. 500000)
 61 words of extra memory for PDF output out of 10000 (max. 10000000)

